2021-01-09 21:34:41,069 [INFO] from play.api.http.EnabledFilters in play-dev-mode-akka.actor.default-dispatcher-5 - Enabled Filters (see <https://www.playframework.com/documentation/latest/Filters>):

    play.filters.csrf.CSRFFilter
    play.filters.headers.SecurityHeadersFilter
    play.filters.hosts.AllowedHostsFilter

2021-01-09 21:34:41,122 [INFO] from play.api.Play in play-dev-mode-akka.actor.default-dispatcher-5 - Application started (Dev) (no global state)
2021-01-09 21:44:09,770 [INFO] from play.api.http.EnabledFilters in play-dev-mode-akka.actor.default-dispatcher-24 - Enabled Filters (see <https://www.playframework.com/documentation/latest/Filters>):

    play.filters.csrf.CSRFFilter
    play.filters.headers.SecurityHeadersFilter
    play.filters.hosts.AllowedHostsFilter

2021-01-09 21:44:09,777 [INFO] from play.api.Play in play-dev-mode-akka.actor.default-dispatcher-24 - Application started (Dev) (no global state)
2021-01-09 21:44:09,844 [ERROR] from play.api.http.DefaultHttpErrorHandler in application-akka.actor.default-dispatcher-6 - 

! @7icd3b4i6 - Internal server error, for (POST) [/recetas] ->
 
play.api.http.HttpErrorHandlerExceptions$$anon$1: Execution exception[[NullPointerException: Null content]]
	at play.api.http.HttpErrorHandlerExceptions$.throwableToUsefulException(HttpErrorHandler.scala:359)
	at play.api.http.DefaultHttpErrorHandler.onServerError(HttpErrorHandler.scala:261)
	at play.core.server.AkkaHttpServer$$anonfun$2.applyOrElse(AkkaHttpServer.scala:430)
	at play.core.server.AkkaHttpServer$$anonfun$2.applyOrElse(AkkaHttpServer.scala:422)
	at scala.concurrent.impl.Promise$Transformation.run(Promise.scala:453)
	at akka.dispatch.BatchingExecutor$AbstractBatch.processBatch(BatchingExecutor.scala:56)
	at akka.dispatch.BatchingExecutor$BlockableBatch.$anonfun$run$1(BatchingExecutor.scala:93)
	at scala.runtime.java8.JFunction0$mcV$sp.apply(JFunction0$mcV$sp.scala:18)
	at scala.concurrent.BlockContext$.withBlockContext(BlockContext.scala:94)
	at akka.dispatch.BatchingExecutor$BlockableBatch.run(BatchingExecutor.scala:93)
	at akka.dispatch.TaskInvocation.run(AbstractDispatcher.scala:48)
	at akka.dispatch.ForkJoinExecutorConfigurator$AkkaForkJoinTask.exec(ForkJoinExecutorConfigurator.scala:48)
	at java.util.concurrent.ForkJoinTask.doExec(ForkJoinTask.java:289)
	at java.util.concurrent.ForkJoinPool$WorkQueue.runTask(ForkJoinPool.java:1056)
	at java.util.concurrent.ForkJoinPool.runWorker(ForkJoinPool.java:1692)
	at java.util.concurrent.ForkJoinWorkerThread.run(ForkJoinWorkerThread.java:157)
Caused by: java.lang.NullPointerException: Null content
	at play.mvc.Results.status(Results.java:113)
	at play.mvc.Results.status(Results.java:100)
	at play.mvc.Results.ok(Results.java:491)
	at controllers.RecetasController.create(RecetasController.java:133)
	at router.Routes$$anonfun$routes$1.$anonfun$applyOrElse$3(Routes.scala:180)
	at play.core.routing.HandlerInvokerFactory$$anon$8.resultCall(HandlerInvoker.scala:150)
	at play.core.routing.HandlerInvokerFactory$$anon$8.resultCall(HandlerInvoker.scala:149)
	at play.core.routing.HandlerInvokerFactory$JavaActionInvokerFactory$$anon$3$$anon$4$$anon$5.invocation(HandlerInvoker.scala:115)
	at play.core.j.JavaAction$$anon$1.call(JavaAction.scala:119)
	at play.http.DefaultActionCreator$1.call(DefaultActionCreator.java:33)
	at play.core.j.JavaAction.$anonfun$apply$8(JavaAction.scala:175)
	at scala.concurrent.Future$.$anonfun$apply$1(Future.scala:661)
	at scala.concurrent.impl.Promise$Transformation.run(Promise.scala:430)
	at play.core.j.HttpExecutionContext.$anonfun$execute$1(HttpExecutionContext.scala:64)
	at play.api.libs.streams.Execution$trampoline$.execute(Execution.scala:70)
	at play.core.j.HttpExecutionContext.execute(HttpExecutionContext.scala:59)
	at scala.concurrent.impl.Promise$Transformation.submitWithValue(Promise.scala:392)
	at scala.concurrent.impl.Promise$DefaultPromise.submitWithValue(Promise.scala:302)
	at scala.concurrent.impl.Promise$DefaultPromise.dispatchOrAddCallbacks(Promise.scala:276)
	at scala.concurrent.impl.Promise$DefaultPromise.map(Promise.scala:146)
	at scala.concurrent.Future$.apply(Future.scala:661)
	at play.core.j.JavaAction.apply(JavaAction.scala:176)
	at play.api.mvc.Action.$anonfun$apply$4(Action.scala:82)
	at scala.concurrent.impl.Promise$Transformation.run(Promise.scala:433)
	... 11 common frames omitted
2021-01-09 22:36:02,193 [INFO] from play.api.http.EnabledFilters in play-dev-mode-akka.actor.default-dispatcher-30 - Enabled Filters (see <https://www.playframework.com/documentation/latest/Filters>):

    play.filters.csrf.CSRFFilter
    play.filters.headers.SecurityHeadersFilter
    play.filters.hosts.AllowedHostsFilter

2021-01-09 22:36:02,198 [INFO] from play.api.Play in play-dev-mode-akka.actor.default-dispatcher-30 - Application started (Dev) (no global state)
2021-01-09 22:39:38,460 [INFO] from play.api.http.EnabledFilters in play-dev-mode-akka.actor.default-dispatcher-42 - Enabled Filters (see <https://www.playframework.com/documentation/latest/Filters>):

    play.filters.csrf.CSRFFilter
    play.filters.headers.SecurityHeadersFilter
    play.filters.hosts.AllowedHostsFilter

2021-01-09 22:39:38,465 [INFO] from play.api.Play in play-dev-mode-akka.actor.default-dispatcher-42 - Application started (Dev) (no global state)
2021-01-09 22:43:10,685 [INFO] from play.api.http.EnabledFilters in play-dev-mode-akka.actor.default-dispatcher-51 - Enabled Filters (see <https://www.playframework.com/documentation/latest/Filters>):

    play.filters.csrf.CSRFFilter
    play.filters.headers.SecurityHeadersFilter
    play.filters.hosts.AllowedHostsFilter

2021-01-09 22:43:10,692 [INFO] from play.api.Play in play-dev-mode-akka.actor.default-dispatcher-51 - Application started (Dev) (no global state)
2021-01-09 22:45:22,323 [INFO] from play.api.http.EnabledFilters in play-dev-mode-akka.actor.default-dispatcher-66 - Enabled Filters (see <https://www.playframework.com/documentation/latest/Filters>):

    play.filters.csrf.CSRFFilter
    play.filters.headers.SecurityHeadersFilter
    play.filters.hosts.AllowedHostsFilter

2021-01-09 22:45:22,328 [INFO] from play.api.Play in play-dev-mode-akka.actor.default-dispatcher-66 - Application started (Dev) (no global state)
2021-01-10 01:34:04,714 [INFO] from play.api.http.EnabledFilters in play-dev-mode-akka.actor.default-dispatcher-92 - Enabled Filters (see <https://www.playframework.com/documentation/latest/Filters>):

    play.filters.csrf.CSRFFilter
    play.filters.headers.SecurityHeadersFilter
    play.filters.hosts.AllowedHostsFilter

2021-01-10 01:34:04,719 [INFO] from play.api.Play in play-dev-mode-akka.actor.default-dispatcher-92 - Application started (Dev) (no global state)
2021-01-10 01:35:34,528 [ERROR] from play.api.http.DefaultHttpErrorHandler in application-akka.actor.default-dispatcher-8 - 

! @7ice7l44g - Internal server error, for (GET) [/recetas/get] ->
 
play.api.http.HttpErrorHandlerExceptions$$anon$1: Execution exception[[NullPointerException: null]]
	at play.api.http.HttpErrorHandlerExceptions$.throwableToUsefulException(HttpErrorHandler.scala:359)
	at play.api.http.DefaultHttpErrorHandler.onServerError(HttpErrorHandler.scala:261)
	at play.core.server.AkkaHttpServer$$anonfun$2.applyOrElse(AkkaHttpServer.scala:430)
	at play.core.server.AkkaHttpServer$$anonfun$2.applyOrElse(AkkaHttpServer.scala:422)
	at scala.concurrent.impl.Promise$Transformation.run(Promise.scala:453)
	at akka.dispatch.BatchingExecutor$AbstractBatch.processBatch(BatchingExecutor.scala:56)
	at akka.dispatch.BatchingExecutor$BlockableBatch.$anonfun$run$1(BatchingExecutor.scala:93)
	at scala.runtime.java8.JFunction0$mcV$sp.apply(JFunction0$mcV$sp.scala:18)
	at scala.concurrent.BlockContext$.withBlockContext(BlockContext.scala:94)
	at akka.dispatch.BatchingExecutor$BlockableBatch.run(BatchingExecutor.scala:93)
	at akka.dispatch.TaskInvocation.run(AbstractDispatcher.scala:48)
	at akka.dispatch.ForkJoinExecutorConfigurator$AkkaForkJoinTask.exec(ForkJoinExecutorConfigurator.scala:48)
	at java.util.concurrent.ForkJoinTask.doExec(ForkJoinTask.java:289)
	at java.util.concurrent.ForkJoinPool$WorkQueue.runTask(ForkJoinPool.java:1056)
	at java.util.concurrent.ForkJoinPool.runWorker(ForkJoinPool.java:1692)
	at java.util.concurrent.ForkJoinWorkerThread.run(ForkJoinWorkerThread.java:157)
Caused by: java.lang.NullPointerException: null
	at controllers.RecetasController.getReceta(RecetasController.java:172)
	at router.Routes$$anonfun$routes$1.$anonfun$applyOrElse$6(Routes.scala:187)
	at play.core.routing.HandlerInvokerFactory$$anon$8.resultCall(HandlerInvoker.scala:150)
	at play.core.routing.HandlerInvokerFactory$$anon$8.resultCall(HandlerInvoker.scala:149)
	at play.core.routing.HandlerInvokerFactory$JavaActionInvokerFactory$$anon$3$$anon$4$$anon$5.invocation(HandlerInvoker.scala:115)
	at play.core.j.JavaAction$$anon$1.call(JavaAction.scala:119)
	at play.http.DefaultActionCreator$1.call(DefaultActionCreator.java:33)
	at play.core.j.JavaAction.$anonfun$apply$8(JavaAction.scala:175)
	at scala.concurrent.Future$.$anonfun$apply$1(Future.scala:661)
	at scala.concurrent.impl.Promise$Transformation.run(Promise.scala:430)
	at play.core.j.HttpExecutionContext.$anonfun$execute$1(HttpExecutionContext.scala:64)
	at play.api.libs.streams.Execution$trampoline$.execute(Execution.scala:70)
	at play.core.j.HttpExecutionContext.execute(HttpExecutionContext.scala:59)
	at scala.concurrent.impl.Promise$Transformation.submitWithValue(Promise.scala:392)
	at scala.concurrent.impl.Promise$DefaultPromise.submitWithValue(Promise.scala:302)
	at scala.concurrent.impl.Promise$DefaultPromise.dispatchOrAddCallbacks(Promise.scala:276)
	at scala.concurrent.impl.Promise$DefaultPromise.map(Promise.scala:146)
	at scala.concurrent.Future$.apply(Future.scala:661)
	at play.core.j.JavaAction.apply(JavaAction.scala:176)
	at play.api.mvc.Action.$anonfun$apply$4(Action.scala:82)
	at scala.concurrent.impl.Promise$Transformation.run(Promise.scala:433)
	... 11 common frames omitted
2021-01-10 01:35:50,842 [ERROR] from play.api.http.DefaultHttpErrorHandler in application-akka.actor.default-dispatcher-9 - 

! @7ice7m282 - Internal server error, for (GET) [/recetas/get] ->
 
play.api.http.HttpErrorHandlerExceptions$$anon$1: Execution exception[[NullPointerException: null]]
	at play.api.http.HttpErrorHandlerExceptions$.throwableToUsefulException(HttpErrorHandler.scala:359)
	at play.api.http.DefaultHttpErrorHandler.onServerError(HttpErrorHandler.scala:261)
	at play.core.server.AkkaHttpServer$$anonfun$2.applyOrElse(AkkaHttpServer.scala:430)
	at play.core.server.AkkaHttpServer$$anonfun$2.applyOrElse(AkkaHttpServer.scala:422)
	at scala.concurrent.impl.Promise$Transformation.run(Promise.scala:453)
	at akka.dispatch.BatchingExecutor$AbstractBatch.processBatch(BatchingExecutor.scala:56)
	at akka.dispatch.BatchingExecutor$BlockableBatch.$anonfun$run$1(BatchingExecutor.scala:93)
	at scala.runtime.java8.JFunction0$mcV$sp.apply(JFunction0$mcV$sp.scala:18)
	at scala.concurrent.BlockContext$.withBlockContext(BlockContext.scala:94)
	at akka.dispatch.BatchingExecutor$BlockableBatch.run(BatchingExecutor.scala:93)
	at akka.dispatch.TaskInvocation.run(AbstractDispatcher.scala:48)
	at akka.dispatch.ForkJoinExecutorConfigurator$AkkaForkJoinTask.exec(ForkJoinExecutorConfigurator.scala:48)
	at java.util.concurrent.ForkJoinTask.doExec(ForkJoinTask.java:289)
	at java.util.concurrent.ForkJoinPool$WorkQueue.runTask(ForkJoinPool.java:1056)
	at java.util.concurrent.ForkJoinPool.runWorker(ForkJoinPool.java:1692)
	at java.util.concurrent.ForkJoinWorkerThread.run(ForkJoinWorkerThread.java:157)
Caused by: java.lang.NullPointerException: null
	at controllers.RecetasController.getReceta(RecetasController.java:172)
	at router.Routes$$anonfun$routes$1.$anonfun$applyOrElse$6(Routes.scala:187)
	at play.core.routing.HandlerInvokerFactory$$anon$8.resultCall(HandlerInvoker.scala:150)
	at play.core.routing.HandlerInvokerFactory$$anon$8.resultCall(HandlerInvoker.scala:149)
	at play.core.routing.HandlerInvokerFactory$JavaActionInvokerFactory$$anon$3$$anon$4$$anon$5.invocation(HandlerInvoker.scala:115)
	at play.core.j.JavaAction$$anon$1.call(JavaAction.scala:119)
	at play.http.DefaultActionCreator$1.call(DefaultActionCreator.java:33)
	at play.core.j.JavaAction.$anonfun$apply$8(JavaAction.scala:175)
	at scala.concurrent.Future$.$anonfun$apply$1(Future.scala:661)
	at scala.concurrent.impl.Promise$Transformation.run(Promise.scala:430)
	at play.core.j.HttpExecutionContext.$anonfun$execute$1(HttpExecutionContext.scala:64)
	at play.api.libs.streams.Execution$trampoline$.execute(Execution.scala:70)
	at play.core.j.HttpExecutionContext.execute(HttpExecutionContext.scala:59)
	at scala.concurrent.impl.Promise$Transformation.submitWithValue(Promise.scala:392)
	at scala.concurrent.impl.Promise$DefaultPromise.submitWithValue(Promise.scala:302)
	at scala.concurrent.impl.Promise$DefaultPromise.dispatchOrAddCallbacks(Promise.scala:276)
	at scala.concurrent.impl.Promise$DefaultPromise.map(Promise.scala:146)
	at scala.concurrent.Future$.apply(Future.scala:661)
	at play.core.j.JavaAction.apply(JavaAction.scala:176)
	at play.api.mvc.Action.$anonfun$apply$4(Action.scala:82)
	at scala.concurrent.impl.Promise$Transformation.run(Promise.scala:433)
	... 11 common frames omitted
2021-01-10 01:36:29,329 [INFO] from play.api.http.EnabledFilters in play-dev-mode-akka.actor.default-dispatcher-88 - Enabled Filters (see <https://www.playframework.com/documentation/latest/Filters>):

    play.filters.csrf.CSRFFilter
    play.filters.headers.SecurityHeadersFilter
    play.filters.hosts.AllowedHostsFilter

2021-01-10 01:36:29,333 [INFO] from play.api.Play in play-dev-mode-akka.actor.default-dispatcher-88 - Application started (Dev) (no global state)
2021-01-10 01:41:23,526 [INFO] from play.api.http.EnabledFilters in play-dev-mode-akka.actor.default-dispatcher-104 - Enabled Filters (see <https://www.playframework.com/documentation/latest/Filters>):

    play.filters.csrf.CSRFFilter
    play.filters.headers.SecurityHeadersFilter
    play.filters.hosts.AllowedHostsFilter

2021-01-10 01:41:23,532 [INFO] from play.api.Play in play-dev-mode-akka.actor.default-dispatcher-104 - Application started (Dev) (no global state)
